<?xml version="1.0" encoding="UTF-8"?>
<!-- Generated by org.testng.reporters.JUnitReportReporter -->
<testsuite skipped="0" hostname="DESKTOP-NN8MDOL" name="Tests.LoginTesta" tests="1" failures="0" timestamp="23 Mar 2019 05:22:22 GMT" time="5.193" errors="0">
  <testcase name="verifylogin" time="5.193" classname="Tests.LoginTesta"/>
</testsuite> <!-- Tests.LoginTesta -->
